e:\учеба\second\ооп\лабы\lab15\dlllib\debug\vc140.pdb
e:\учеба\second\ооп\лабы\lab15\dlllib\debug\vc140.idb
e:\учеба\second\ооп\лабы\lab15\dlllib\debug\source.obj
e:\учеба\second\ооп\лабы\lab15\debug\dlllib.lib
e:\учеба\second\ооп\лабы\lab15\debug\dlllib.exp
e:\учеба\second\ооп\лабы\lab15\debug\dlllib.ilk
e:\учеба\second\ооп\лабы\lab15\debug\dlllib.dll
e:\учеба\second\ооп\лабы\lab15\debug\dlllib.pdb
c:\users\andre\desktop\lab15\lab15\dlllib\debug\source.obj
c:\users\andre\desktop\lab15\lab15\dlllib\debug\vc140.idb
c:\users\andre\desktop\lab15\lab15\dlllib\debug\vc140.pdb
c:\users\andre\desktop\lab15\lab15\debug\dlllib.pdb
c:\users\andre\desktop\lab15\lab15\debug\dlllib.dll
c:\users\andre\desktop\lab15\lab15\debug\dlllib.ilk
c:\users\andre\desktop\lab15\lab15\dlllib\debug\dlllib.tlog\cl.command.1.tlog
c:\users\andre\desktop\lab15\lab15\dlllib\debug\dlllib.tlog\cl.read.1.tlog
c:\users\andre\desktop\lab15\lab15\dlllib\debug\dlllib.tlog\cl.write.1.tlog
c:\users\andre\desktop\lab15\lab15\dlllib\debug\dlllib.tlog\dlllib.write.1u.tlog
c:\users\andre\desktop\lab15\lab15\dlllib\debug\dlllib.tlog\link.command.1.tlog
c:\users\andre\desktop\lab15\lab15\dlllib\debug\dlllib.tlog\link.read.1.tlog
c:\users\andre\desktop\lab15\lab15\dlllib\debug\dlllib.tlog\link.write.1.tlog
